Change Component Designator: OldDesignator= ? NewDesignator=?
Added Component: Designator=P?(JP2)
Add component. Clean all parameters for all variants
Add component (AddParameter): Name = "LatestRevisionDate"; Value = "17-Jul-2002"; VariantName = "[No Variations]"
Add component (AddParameter): Name = "LatestRevisionNote"; Value = "Re-released for DXP Platform."; VariantName = "[No Variations]"
Add component (AddParameter): Name = "Publisher"; Value = "Altium Limited"; VariantName = "[No Variations]"
Added Component: Designator=UN1(QTO-220)
Add component. Clean all parameters for all variants
Added Pin To Net: NetName=NetB?_39 Pin=P?-2
Added Pin To Net: NetName=NetB?_39 Pin=UN1-1
Change Net Name : Old Net Name=Net ?_1 New Net Name=Net?_1
Change Net Name : Old Net Name=Net ?_2 New Net Name=Net?_2
Change Net Name : Old Net Name=Net ?_3 New Net Name=Net?_3
Added Pin To Net: NetName=NetB?_40 Pin=B?-40
Added Pin To Net: NetName=NetB?_40 Pin=UN1-3
Added Net: Name=NetB?_40
Added Pin To Net: NetName=NetP?_1 Pin=P?-1
Added Pin To Net: NetName=NetP?_1 Pin=UN1-2
Added Net: Name=NetP?_1
Added Member To Class: ClassName=Sheet1 Member=Component ? A1015
Added Member To Class: ClassName=Sheet1 Member=Component P? Header 2
Added Member To Class: ClassName=Sheet1 Member=Component UN1 LM7805
