Added Member To Class: ClassName=Sheet1 Member=Component  ? A1015
Added Member To Class: ClassName=Sheet1 Member=Component B? BluePill
Added Member To Class: ClassName=Sheet1 Member=Component D0 LED
Added Member To Class: ClassName=Sheet1 Member=Component D1 LED
Added Member To Class: ClassName=Sheet1 Member=Component D2 LED
Added Member To Class: ClassName=Sheet1 Member=Component D3 LED
Added Member To Class: ClassName=Sheet1 Member=Component D4 LED
Added Member To Class: ClassName=Sheet1 Member=Component D5 LED
Added Member To Class: ClassName=Sheet1 Member=Component D6 LED
Added Member To Class: ClassName=Sheet1 Member=Component D7 LED
Added Member To Class: ClassName=Sheet1 Member=Component D8 LED
Added Member To Class: ClassName=Sheet1 Member=Component D9 LED
Added Member To Class: ClassName=Sheet1 Member=Component R0 RESISTOR
Added Member To Class: ClassName=Sheet1 Member=Component R1 RESISTOR
Added Member To Class: ClassName=Sheet1 Member=Component R2 RESISTOR
Added Member To Class: ClassName=Sheet1 Member=Component R3 RESISTOR
Added Member To Class: ClassName=Sheet1 Member=Component R4 RESISTOR
Added Member To Class: ClassName=Sheet1 Member=Component R5 RESISTOR
Added Member To Class: ClassName=Sheet1 Member=Component R6 RESISTOR
Added Member To Class: ClassName=Sheet1 Member=Component R7 RESISTOR
Added Member To Class: ClassName=Sheet1 Member=Component R8 RESISTOR
Added Member To Class: ClassName=Sheet1 Member=Component R9 RESISTOR
Added Member To Class: ClassName=Sheet1 Member=Component R? RESISTOR
