Added Component: Designator= ?(QTO-92)
Add component. Clean all parameters for all variants
Added Component: Designator=P?(JP2)
Add component. Clean all parameters for all variants
Add component (AddParameter): Name = "LatestRevisionDate"; Value = "17-Jul-2002"; VariantName = "[No Variations]"
Add component (AddParameter): Name = "LatestRevisionNote"; Value = "Re-released for DXP Platform."; VariantName = "[No Variations]"
Add component (AddParameter): Name = "Publisher"; Value = "Altium Limited"; VariantName = "[No Variations]"
Added Component: Designator=R?(RES 1/2W)
Add component. Clean all parameters for all variants
Add component (AddParameter): Name = "Value"; Value = "1K"; VariantName = "[No Variations]"
Added Pin To Net: NetName=NetB?_39 Pin= ?-2
Added Pin To Net: NetName=NetB?_1 Pin=P?-1
Added Pin To Net: NetName=NetB?_39 Pin=P?-2
Change Net Name : Old Net Name=NetB?_39 New Net Name=Net ?_2
Added Pin To Net: NetName=Net ?_1 Pin= ?-1
Added Pin To Net: NetName=Net ?_1 Pin=R?-1
Added Net: Name=Net ?_1
Added Pin To Net: NetName=Net ?_3 Pin= ?-3
Added Pin To Net: NetName=Net ?_3 Pin=B?-27
Added Pin To Net: NetName=Net ?_3 Pin=R?-2
Added Net: Name=Net ?_3
Added Member To Class: ClassName=Sheet1 Member=Component  ? A1015
Added Member To Class: ClassName=Sheet1 Member=Component P? Header 2
Added Member To Class: ClassName=Sheet1 Member=Component R? RESISTOR
